#! /c/Source/iverilog-install/bin/vvp
:ivl_version "12.0 (devel)" "(s20150603-1539-g2693dd32b)";
:ivl_delay_selection "TYPICAL";
:vpi_time_precision + 0;
:vpi_module "C:\iverilog\lib\ivl\system.vpi";
:vpi_module "C:\iverilog\lib\ivl\vhdl_sys.vpi";
:vpi_module "C:\iverilog\lib\ivl\vhdl_textio.vpi";
:vpi_module "C:\iverilog\lib\ivl\v2005_math.vpi";
:vpi_module "C:\iverilog\lib\ivl\va_math.vpi";
S_000001dc20dc2e10 .scope module, "bitparidade" "bitparidade" 2 1;
 .timescale 0 0;
    .port_info 0 /INPUT 1 "B1";
    .port_info 1 /INPUT 1 "B2";
    .port_info 2 /INPUT 1 "B3";
    .port_info 3 /INPUT 1 "B4";
    .port_info 4 /INPUT 1 "B5";
    .port_info 5 /INPUT 1 "bitparidade";
    .port_info 6 /OUTPUT 1 "saida";
o000001dc20df6f98 .functor BUFZ 1, C4<z>; HiZ drive
v000001dc20dc3360_0 .net "B1", 0 0, o000001dc20df6f98;  0 drivers
o000001dc20df6fc8 .functor BUFZ 1, C4<z>; HiZ drive
v000001dc20dc2fa0_0 .net "B2", 0 0, o000001dc20df6fc8;  0 drivers
o000001dc20df6ff8 .functor BUFZ 1, C4<z>; HiZ drive
v000001dc20dc3040_0 .net "B3", 0 0, o000001dc20df6ff8;  0 drivers
o000001dc20df7028 .functor BUFZ 1, C4<z>; HiZ drive
v000001dc20dc30e0_0 .net "B4", 0 0, o000001dc20df7028;  0 drivers
o000001dc20df7058 .functor BUFZ 1, C4<z>; HiZ drive
v000001dc20daded0_0 .net "B5", 0 0, o000001dc20df7058;  0 drivers
o000001dc20df7088 .functor BUFZ 1, C4<z>; HiZ drive
v000001dc20dadf70_0 .net "bitparidade", 0 0, o000001dc20df7088;  0 drivers
v000001dc20dae010_0 .var "saida", 0 0;
E_000001dc20da91d0/0 .event anyedge, v000001dc20dadf70_0, v000001dc20dc3360_0, v000001dc20dc2fa0_0, v000001dc20dc3040_0;
E_000001dc20da91d0/1 .event anyedge, v000001dc20dc30e0_0, v000001dc20daded0_0;
E_000001dc20da91d0 .event/or E_000001dc20da91d0/0, E_000001dc20da91d0/1;
    .scope S_000001dc20dc2e10;
T_0 ;
    %wait E_000001dc20da91d0;
    %load/vec4 v000001dc20dadf70_0;
    %load/vec4 v000001dc20dc3360_0;
    %load/vec4 v000001dc20dc2fa0_0;
    %xor;
    %load/vec4 v000001dc20dc3040_0;
    %xor;
    %load/vec4 v000001dc20dc30e0_0;
    %xor;
    %load/vec4 v000001dc20daded0_0;
    %xor;
    %cmp/e;
    %jmp/0xz  T_0.0, 4;
    %pushi/vec4 1, 0, 1;
    %store/vec4 v000001dc20dae010_0, 0, 1;
    %jmp T_0.1;
T_0.0 ;
    %pushi/vec4 0, 0, 1;
    %store/vec4 v000001dc20dae010_0, 0, 1;
T_0.1 ;
    %jmp T_0;
    .thread T_0, $push;
# The file index is used to find the file name in the following table.
:file_names 3;
    "N/A";
    "<interactive>";
    "bitparidade.v";
