#! /c/Source/iverilog-install/bin/vvp
:ivl_version "12.0 (devel)" "(s20150603-1539-g2693dd32b)";
:ivl_delay_selection "TYPICAL";
:vpi_time_precision + 0;
:vpi_module "C:\iverilog\lib\ivl\system.vpi";
:vpi_module "C:\iverilog\lib\ivl\vhdl_sys.vpi";
:vpi_module "C:\iverilog\lib\ivl\vhdl_textio.vpi";
:vpi_module "C:\iverilog\lib\ivl\v2005_math.vpi";
:vpi_module "C:\iverilog\lib\ivl\va_math.vpi";
S_000001e3141fe630 .scope module, "testebench" "testebench" 2 3;
 .timescale 0 0;
v000001e314276d50_0 .var "B1", 0 0;
v000001e314276490_0 .var "B2", 0 0;
v000001e314276fd0_0 .var "B3", 0 0;
v000001e314276cb0_0 .var "B4", 0 0;
v000001e3142760d0_0 .var "B5", 0 0;
v000001e314276350_0 .net "Y1", 0 0, v000001e3141ff4b0_0;  1 drivers
v000001e314276df0_0 .net "Y2", 0 0, v000001e3141ff550_0;  1 drivers
v000001e314276710_0 .net "Y3", 0 0, v000001e3141ff5f0_0;  1 drivers
v000001e314276e90_0 .net "Y4", 0 0, v000001e3142763f0_0;  1 drivers
v000001e314276c10_0 .net "Y5", 0 0, v000001e3142767b0_0;  1 drivers
v000001e314276670_0 .net "Y6", 0 0, v000001e3142762b0_0;  1 drivers
v000001e314276f30_0 .net "Y7", 0 0, v000001e314276850_0;  1 drivers
v000001e3142768f0_0 .var "bitparidade", 0 0;
v000001e314276a30_0 .net "saida", 0 0, v000001e3143463a0_0;  1 drivers
S_000001e314210b30 .scope module, "uut" "boolean_expression_initial" 2 9, 3 2 0, S_000001e3141fe630;
 .timescale 0 0;
    .port_info 0 /INPUT 1 "B1";
    .port_info 1 /INPUT 1 "B2";
    .port_info 2 /INPUT 1 "B3";
    .port_info 3 /INPUT 1 "B4";
    .port_info 4 /INPUT 1 "B5";
    .port_info 5 /INPUT 1 "bitparidade";
    .port_info 6 /OUTPUT 1 "saida";
    .port_info 7 /OUTPUT 1 "Y1";
    .port_info 8 /OUTPUT 1 "Y2";
    .port_info 9 /OUTPUT 1 "Y3";
    .port_info 10 /OUTPUT 1 "Y4";
    .port_info 11 /OUTPUT 1 "Y5";
    .port_info 12 /OUTPUT 1 "Y6";
    .port_info 13 /OUTPUT 1 "Y7";
v000001e314346440_0 .net "B1", 0 0, v000001e314276d50_0;  1 drivers
v000001e3143464e0_0 .net "B2", 0 0, v000001e314276490_0;  1 drivers
v000001e3141ff2d0_0 .net "B3", 0 0, v000001e314276fd0_0;  1 drivers
v000001e3141ff370_0 .net "B4", 0 0, v000001e314276cb0_0;  1 drivers
v000001e3141ff410_0 .net "B5", 0 0, v000001e3142760d0_0;  1 drivers
v000001e3141ff4b0_0 .var "Y1", 0 0;
v000001e3141ff550_0 .var "Y2", 0 0;
v000001e3141ff5f0_0 .var "Y3", 0 0;
v000001e3142763f0_0 .var "Y4", 0 0;
v000001e3142767b0_0 .var "Y5", 0 0;
v000001e3142762b0_0 .var "Y6", 0 0;
v000001e314276850_0 .var "Y7", 0 0;
v000001e314276210_0 .net "bitparidade", 0 0, v000001e3142768f0_0;  1 drivers
v000001e3142765d0_0 .net "saida", 0 0, v000001e3143463a0_0;  alias, 1 drivers
E_000001e3141fbf70/0 .event anyedge, v000001e3143463a0_0, v000001e31434bf00_0, v000001e314346120_0, v000001e3143461c0_0;
E_000001e3141fbf70/1 .event anyedge, v000001e314346260_0, v000001e314346780_0;
E_000001e3141fbf70 .event/or E_000001e3141fbf70/0, E_000001e3141fbf70/1;
S_000001e314210db0 .scope module, "U_PARIDADE" "bitparidade" 3 9, 4 1 0, S_000001e314210b30;
 .timescale 0 0;
    .port_info 0 /INPUT 1 "B1";
    .port_info 1 /INPUT 1 "B2";
    .port_info 2 /INPUT 1 "B3";
    .port_info 3 /INPUT 1 "B4";
    .port_info 4 /INPUT 1 "B5";
    .port_info 5 /INPUT 1 "bitparidade";
    .port_info 6 /OUTPUT 1 "saida";
v000001e314346780_0 .net "B1", 0 0, v000001e314276d50_0;  alias, 1 drivers
v000001e31434bf00_0 .net "B2", 0 0, v000001e314276490_0;  alias, 1 drivers
v000001e314346120_0 .net "B3", 0 0, v000001e314276fd0_0;  alias, 1 drivers
v000001e3143461c0_0 .net "B4", 0 0, v000001e314276cb0_0;  alias, 1 drivers
v000001e314346260_0 .net "B5", 0 0, v000001e3142760d0_0;  alias, 1 drivers
v000001e314346300_0 .net "bitparidade", 0 0, v000001e3142768f0_0;  alias, 1 drivers
v000001e3143463a0_0 .var "saida", 0 0;
E_000001e3141fc2f0/0 .event anyedge, v000001e314346300_0, v000001e314346780_0, v000001e31434bf00_0, v000001e314346120_0;
E_000001e3141fc2f0/1 .event anyedge, v000001e3143461c0_0, v000001e314346260_0;
E_000001e3141fc2f0 .event/or E_000001e3141fc2f0/0, E_000001e3141fc2f0/1;
    .scope S_000001e314210db0;
T_0 ;
    %wait E_000001e3141fc2f0;
    %load/vec4 v000001e314346300_0;
    %load/vec4 v000001e314346780_0;
    %load/vec4 v000001e31434bf00_0;
    %xor;
    %load/vec4 v000001e314346120_0;
    %xor;
    %load/vec4 v000001e3143461c0_0;
    %xor;
    %load/vec4 v000001e314346260_0;
    %xor;
    %cmp/e;
    %jmp/0xz  T_0.0, 4;
    %pushi/vec4 1, 0, 1;
    %store/vec4 v000001e3143463a0_0, 0, 1;
    %jmp T_0.1;
T_0.0 ;
    %pushi/vec4 0, 0, 1;
    %store/vec4 v000001e3143463a0_0, 0, 1;
T_0.1 ;
    %jmp T_0;
    .thread T_0, $push;
    .scope S_000001e314210b30;
T_1 ;
    %wait E_000001e3141fbf70;
    %load/vec4 v000001e3142765d0_0;
    %cmpi/e 1, 0, 1;
    %jmp/0xz  T_1.0, 4;
    %load/vec4 v000001e3143464e0_0;
    %inv;
    %load/vec4 v000001e3141ff2d0_0;
    %inv;
    %and;
    %load/vec4 v000001e3141ff370_0;
    %inv;
    %and;
    %load/vec4 v000001e3141ff410_0;
    %inv;
    %and;
    %load/vec4 v000001e314346440_0;
    %inv;
    %load/vec4 v000001e3141ff370_0;
    %inv;
    %and;
    %load/vec4 v000001e3141ff410_0;
    %and;
    %or;
    %load/vec4 v000001e3143464e0_0;
    %inv;
    %load/vec4 v000001e3141ff370_0;
    %and;
    %load/vec4 v000001e3141ff410_0;
    %and;
    %or;
    %load/vec4 v000001e3141ff2d0_0;
    %load/vec4 v000001e3141ff370_0;
    %and;
    %or;
    %load/vec4 v000001e314346440_0;
    %load/vec4 v000001e3141ff410_0;
    %inv;
    %and;
    %or;
    %assign/vec4 v000001e3141ff4b0_0, 0;
    %load/vec4 v000001e3143464e0_0;
    %inv;
    %load/vec4 v000001e3141ff370_0;
    %inv;
    %and;
    %load/vec4 v000001e3143464e0_0;
    %inv;
    %load/vec4 v000001e3141ff410_0;
    %inv;
    %and;
    %or;
    %load/vec4 v000001e3141ff2d0_0;
    %inv;
    %load/vec4 v000001e3141ff410_0;
    %inv;
    %and;
    %load/vec4 v000001e3141ff370_0;
    %inv;
    %and;
    %or;
    %load/vec4 v000001e3143464e0_0;
    %load/vec4 v000001e3141ff2d0_0;
    %and;
    %load/vec4 v000001e3141ff410_0;
    %and;
    %or;
    %load/vec4 v000001e314346440_0;
    %or;
    %assign/vec4 v000001e3141ff550_0, 0;
    %load/vec4 v000001e3141ff370_0;
    %inv;
    %load/vec4 v000001e3141ff410_0;
    %and;
    %load/vec4 v000001e3143464e0_0;
    %inv;
    %load/vec4 v000001e3141ff370_0;
    %and;
    %load/vec4 v000001e3141ff410_0;
    %inv;
    %and;
    %or;
    %load/vec4 v000001e3141ff2d0_0;
    %or;
    %load/vec4 v000001e3143464e0_0;
    %load/vec4 v000001e3141ff370_0;
    %inv;
    %and;
    %or;
    %load/vec4 v000001e3143464e0_0;
    %load/vec4 v000001e3141ff410_0;
    %and;
    %or;
    %load/vec4 v000001e314346440_0;
    %or;
    %assign/vec4 v000001e3141ff5f0_0, 0;
    %load/vec4 v000001e3141ff370_0;
    %load/vec4 v000001e3141ff410_0;
    %inv;
    %and;
    %load/vec4 v000001e3141ff2d0_0;
    %load/vec4 v000001e3141ff370_0;
    %inv;
    %and;
    %load/vec4 v000001e3141ff410_0;
    %and;
    %or;
    %load/vec4 v000001e3143464e0_0;
    %load/vec4 v000001e3141ff410_0;
    %and;
    %or;
    %load/vec4 v000001e314346440_0;
    %or;
    %assign/vec4 v000001e3142763f0_0, 0;
    %load/vec4 v000001e314346440_0;
    %inv;
    %load/vec4 v000001e3143464e0_0;
    %inv;
    %and;
    %load/vec4 v000001e314346440_0;
    %inv;
    %load/vec4 v000001e3141ff2d0_0;
    %inv;
    %and;
    %load/vec4 v000001e3141ff410_0;
    %inv;
    %and;
    %or;
    %load/vec4 v000001e3143464e0_0;
    %inv;
    %load/vec4 v000001e3141ff370_0;
    %and;
    %load/vec4 v000001e3141ff410_0;
    %inv;
    %and;
    %or;
    %load/vec4 v000001e314346440_0;
    %inv;
    %load/vec4 v000001e3141ff370_0;
    %and;
    %load/vec4 v000001e3141ff410_0;
    %and;
    %or;
    %assign/vec4 v000001e3142767b0_0, 0;
    %load/vec4 v000001e314346440_0;
    %inv;
    %load/vec4 v000001e3143464e0_0;
    %inv;
    %and;
    %load/vec4 v000001e3141ff370_0;
    %inv;
    %and;
    %load/vec4 v000001e3143464e0_0;
    %inv;
    %load/vec4 v000001e3141ff2d0_0;
    %inv;
    %and;
    %load/vec4 v000001e3141ff410_0;
    %and;
    %or;
    %load/vec4 v000001e3141ff370_0;
    %inv;
    %load/vec4 v000001e3141ff410_0;
    %and;
    %or;
    %load/vec4 v000001e3141ff2d0_0;
    %load/vec4 v000001e3141ff370_0;
    %and;
    %load/vec4 v000001e3141ff410_0;
    %inv;
    %and;
    %or;
    %load/vec4 v000001e3143464e0_0;
    %load/vec4 v000001e3141ff2d0_0;
    %inv;
    %and;
    %load/vec4 v000001e3141ff410_0;
    %inv;
    %and;
    %or;
    %load/vec4 v000001e3143464e0_0;
    %load/vec4 v000001e3141ff2d0_0;
    %and;
    %load/vec4 v000001e3141ff370_0;
    %inv;
    %and;
    %or;
    %load/vec4 v000001e314346440_0;
    %load/vec4 v000001e3141ff370_0;
    %and;
    %or;
    %assign/vec4 v000001e3142762b0_0, 0;
    %load/vec4 v000001e3143464e0_0;
    %inv;
    %load/vec4 v000001e3141ff2d0_0;
    %inv;
    %and;
    %load/vec4 v000001e3141ff370_0;
    %inv;
    %or;
    %load/vec4 v000001e3143464e0_0;
    %load/vec4 v000001e3141ff2d0_0;
    %and;
    %load/vec4 v000001e3141ff410_0;
    %inv;
    %and;
    %or;
    %assign/vec4 v000001e314276850_0, 0;
    %jmp T_1.1;
T_1.0 ;
    %pushi/vec4 0, 0, 1;
    %store/vec4 v000001e3141ff4b0_0, 0, 1;
    %pushi/vec4 0, 0, 1;
    %store/vec4 v000001e3141ff550_0, 0, 1;
    %pushi/vec4 0, 0, 1;
    %store/vec4 v000001e3141ff5f0_0, 0, 1;
    %pushi/vec4 0, 0, 1;
    %store/vec4 v000001e3142763f0_0, 0, 1;
    %pushi/vec4 0, 0, 1;
    %store/vec4 v000001e3142767b0_0, 0, 1;
    %pushi/vec4 0, 0, 1;
    %store/vec4 v000001e3142762b0_0, 0, 1;
    %pushi/vec4 0, 0, 1;
    %store/vec4 v000001e314276850_0, 0, 1;
T_1.1 ;
    %jmp T_1;
    .thread T_1, $push;
    .scope S_000001e3141fe630;
T_2 ;
    %vpi_call 2 27 "$dumpfile", "boolean_expression.vcd" {0 0 0};
    %vpi_call 2 28 "$dumpvars", 32'sb00000000000000000000000000000000, S_000001e3141fe630 {0 0 0};
    %vpi_call 2 30 "$monitor", "Time=%0t | B1=%b B2=%b B3=%b B4=%b B5=%b bitparidade=%b | Saida=%b | Y1=%b Y2=%b Y3=%b Y4=%b Y5=%b Y6=%b Y7=%b", $time, v000001e314276d50_0, v000001e314276490_0, v000001e314276fd0_0, v000001e314276cb0_0, v000001e3142760d0_0, v000001e3142768f0_0, v000001e314276a30_0, v000001e314276350_0, v000001e314276df0_0, v000001e314276710_0, v000001e314276e90_0, v000001e314276c10_0, v000001e314276670_0, v000001e314276f30_0 {0 0 0};
    %pushi/vec4 1, 0, 1;
    %store/vec4 v000001e314276d50_0, 0, 1;
    %pushi/vec4 0, 0, 1;
    %store/vec4 v000001e314276490_0, 0, 1;
    %pushi/vec4 1, 0, 1;
    %store/vec4 v000001e314276fd0_0, 0, 1;
    %pushi/vec4 0, 0, 1;
    %store/vec4 v000001e314276cb0_0, 0, 1;
    %pushi/vec4 0, 0, 1;
    %store/vec4 v000001e3142760d0_0, 0, 1;
    %pushi/vec4 1, 0, 1;
    %store/vec4 v000001e3142768f0_0, 0, 1;
    %delay 10, 0;
    %pushi/vec4 1, 0, 1;
    %store/vec4 v000001e314276d50_0, 0, 1;
    %pushi/vec4 0, 0, 1;
    %store/vec4 v000001e314276490_0, 0, 1;
    %pushi/vec4 1, 0, 1;
    %store/vec4 v000001e314276fd0_0, 0, 1;
    %pushi/vec4 0, 0, 1;
    %store/vec4 v000001e314276cb0_0, 0, 1;
    %pushi/vec4 1, 0, 1;
    %store/vec4 v000001e3142760d0_0, 0, 1;
    %pushi/vec4 0, 0, 1;
    %store/vec4 v000001e3142768f0_0, 0, 1;
    %delay 10, 0;
    %pushi/vec4 1, 0, 1;
    %store/vec4 v000001e314276d50_0, 0, 1;
    %pushi/vec4 0, 0, 1;
    %store/vec4 v000001e314276490_0, 0, 1;
    %pushi/vec4 1, 0, 1;
    %store/vec4 v000001e314276fd0_0, 0, 1;
    %pushi/vec4 1, 0, 1;
    %store/vec4 v000001e314276cb0_0, 0, 1;
    %pushi/vec4 0, 0, 1;
    %store/vec4 v000001e3142760d0_0, 0, 1;
    %pushi/vec4 1, 0, 1;
    %store/vec4 v000001e3142768f0_0, 0, 1;
    %delay 10, 0;
    %pushi/vec4 1, 0, 1;
    %store/vec4 v000001e314276d50_0, 0, 1;
    %pushi/vec4 0, 0, 1;
    %store/vec4 v000001e314276490_0, 0, 1;
    %pushi/vec4 1, 0, 1;
    %store/vec4 v000001e314276fd0_0, 0, 1;
    %pushi/vec4 1, 0, 1;
    %store/vec4 v000001e314276cb0_0, 0, 1;
    %pushi/vec4 1, 0, 1;
    %store/vec4 v000001e3142760d0_0, 0, 1;
    %pushi/vec4 0, 0, 1;
    %store/vec4 v000001e3142768f0_0, 0, 1;
    %delay 10, 0;
    %pushi/vec4 1, 0, 1;
    %store/vec4 v000001e314276d50_0, 0, 1;
    %pushi/vec4 1, 0, 1;
    %store/vec4 v000001e314276490_0, 0, 1;
    %pushi/vec4 0, 0, 1;
    %store/vec4 v000001e314276fd0_0, 0, 1;
    %pushi/vec4 0, 0, 1;
    %store/vec4 v000001e314276cb0_0, 0, 1;
    %pushi/vec4 0, 0, 1;
    %store/vec4 v000001e3142760d0_0, 0, 1;
    %pushi/vec4 1, 0, 1;
    %store/vec4 v000001e3142768f0_0, 0, 1;
    %delay 10, 0;
    %pushi/vec4 1, 0, 1;
    %store/vec4 v000001e314276d50_0, 0, 1;
    %pushi/vec4 1, 0, 1;
    %store/vec4 v000001e314276490_0, 0, 1;
    %pushi/vec4 0, 0, 1;
    %store/vec4 v000001e314276fd0_0, 0, 1;
    %pushi/vec4 0, 0, 1;
    %store/vec4 v000001e314276cb0_0, 0, 1;
    %pushi/vec4 1, 0, 1;
    %store/vec4 v000001e3142760d0_0, 0, 1;
    %pushi/vec4 0, 0, 1;
    %store/vec4 v000001e3142768f0_0, 0, 1;
    %delay 10, 0;
    %pushi/vec4 1, 0, 1;
    %store/vec4 v000001e314276d50_0, 0, 1;
    %pushi/vec4 1, 0, 1;
    %store/vec4 v000001e314276490_0, 0, 1;
    %pushi/vec4 0, 0, 1;
    %store/vec4 v000001e314276fd0_0, 0, 1;
    %pushi/vec4 1, 0, 1;
    %store/vec4 v000001e314276cb0_0, 0, 1;
    %pushi/vec4 0, 0, 1;
    %store/vec4 v000001e3142760d0_0, 0, 1;
    %pushi/vec4 1, 0, 1;
    %store/vec4 v000001e3142768f0_0, 0, 1;
    %delay 10, 0;
    %pushi/vec4 1, 0, 1;
    %store/vec4 v000001e314276d50_0, 0, 1;
    %pushi/vec4 1, 0, 1;
    %store/vec4 v000001e314276490_0, 0, 1;
    %pushi/vec4 0, 0, 1;
    %store/vec4 v000001e314276fd0_0, 0, 1;
    %pushi/vec4 1, 0, 1;
    %store/vec4 v000001e314276cb0_0, 0, 1;
    %pushi/vec4 1, 0, 1;
    %store/vec4 v000001e3142760d0_0, 0, 1;
    %pushi/vec4 0, 0, 1;
    %store/vec4 v000001e3142768f0_0, 0, 1;
    %delay 10, 0;
    %pushi/vec4 1, 0, 1;
    %store/vec4 v000001e314276d50_0, 0, 1;
    %pushi/vec4 1, 0, 1;
    %store/vec4 v000001e314276490_0, 0, 1;
    %pushi/vec4 1, 0, 1;
    %store/vec4 v000001e314276fd0_0, 0, 1;
    %pushi/vec4 0, 0, 1;
    %store/vec4 v000001e314276cb0_0, 0, 1;
    %pushi/vec4 0, 0, 1;
    %store/vec4 v000001e3142760d0_0, 0, 1;
    %pushi/vec4 1, 0, 1;
    %store/vec4 v000001e3142768f0_0, 0, 1;
    %delay 10, 0;
    %pushi/vec4 1, 0, 1;
    %store/vec4 v000001e314276d50_0, 0, 1;
    %pushi/vec4 1, 0, 1;
    %store/vec4 v000001e314276490_0, 0, 1;
    %pushi/vec4 1, 0, 1;
    %store/vec4 v000001e314276fd0_0, 0, 1;
    %pushi/vec4 0, 0, 1;
    %store/vec4 v000001e314276cb0_0, 0, 1;
    %pushi/vec4 1, 0, 1;
    %store/vec4 v000001e3142760d0_0, 0, 1;
    %pushi/vec4 0, 0, 1;
    %store/vec4 v000001e3142768f0_0, 0, 1;
    %delay 10, 0;
    %pushi/vec4 1, 0, 1;
    %store/vec4 v000001e314276d50_0, 0, 1;
    %pushi/vec4 1, 0, 1;
    %store/vec4 v000001e314276490_0, 0, 1;
    %pushi/vec4 1, 0, 1;
    %store/vec4 v000001e314276fd0_0, 0, 1;
    %pushi/vec4 1, 0, 1;
    %store/vec4 v000001e314276cb0_0, 0, 1;
    %pushi/vec4 0, 0, 1;
    %store/vec4 v000001e3142760d0_0, 0, 1;
    %pushi/vec4 1, 0, 1;
    %store/vec4 v000001e3142768f0_0, 0, 1;
    %delay 10, 0;
    %pushi/vec4 1, 0, 1;
    %store/vec4 v000001e314276d50_0, 0, 1;
    %pushi/vec4 1, 0, 1;
    %store/vec4 v000001e314276490_0, 0, 1;
    %pushi/vec4 1, 0, 1;
    %store/vec4 v000001e314276fd0_0, 0, 1;
    %pushi/vec4 1, 0, 1;
    %store/vec4 v000001e314276cb0_0, 0, 1;
    %pushi/vec4 1, 0, 1;
    %store/vec4 v000001e3142760d0_0, 0, 1;
    %pushi/vec4 0, 0, 1;
    %store/vec4 v000001e3142768f0_0, 0, 1;
    %delay 10, 0;
    %vpi_call 2 47 "$finish" {0 0 0};
    %end;
    .thread T_2;
# The file index is used to find the file name in the following table.
:file_names 5;
    "N/A";
    "<interactive>";
    "Erros.v";
    "./tp.v";
    "./bitparidade.v";
